AutoDock Vina v1.2.5
#################################################################
# If you used AutoDock Vina in your work, please cite:          #
#                                                               #
# J. Eberhardt, D. Santos-Martins, A. F. Tillack, and S. Forli  #
# AutoDock Vina 1.2.0: New Docking Methods, Expanded Force      #
# Field, and Python Bindings, J. Chem. Inf. Model. (2021)       #
# DOI 10.1021/acs.jcim.1c00203                                  #
#                                                               #
# O. Trott, A. J. Olson,                                        #
# AutoDock Vina: improving the speed and accuracy of docking    #
# with a new scoring function, efficient optimization and       #
# multithreading, J. Comp. Chem. (2010)                         #
# DOI 10.1002/jcc.21334                                         #
#                                                               #
# Please see https://github.com/ccsb-scripps/AutoDock-Vina for  #
# more information.                                             #
#################################################################

Scoring function : vina
Rigid receptor: ./dock/proteins/3k3k_DOCK.pdbqt
Ligand: ./dock/cache/models_AAEAMN.xaa(1)/AAEAMN.xaa(1)_model_03.pdbqt
Grid center: X 16.5853 Y 24.7062 Z 15.7947
Grid size  : X 20 Y 20 Z 20
Grid space : 0.375
Exhaustiveness: 8
CPU: 0
Verbosity: 1

Computing Vina grid ... done.
WARNING: At low exhaustiveness, it may be impossible to utilize all CPUs.
Performing docking (random seed: -1896685141) ... 
0%   10   20   30   40   50   60   70   80   90   100%
|----|----|----|----|----|----|----|----|----|----|
***************************************************

mode |   affinity | dist from best mode
     | (kcal/mol) | rmsd l.b.| rmsd u.b.
-----+------------+----------+----------
   1        -5.76          0          0
   2       -5.419      3.243      5.598
   3       -5.362      4.228      5.502
   4       -5.297      6.575      9.089
   5       -5.286      1.684      2.186
   6       -5.228      4.044      5.741
   7        -5.13       4.74      6.607
   8        -5.11      3.895       5.38
   9       -4.996      8.297      10.35
